C51 COMPILER V9.60.0.0   HELP_ON_7_SEGMENT                                                 04/29/2020 11:22:09 PAGE 1   


C51 COMPILER V9.60.0.0, COMPILATION OF MODULE HELP_ON_7_SEGMENT
OBJECT MODULE PLACED IN .\Objects\help on 7 segment.obj
COMPILER INVOKED BY: C:\Keil_v5\C51\BIN\C51.EXE help on 7 segment.c OPTIMIZE(8,SPEED) BROWSE DEBUG OBJECTEXTEND PRINT(.\
                    -Listings\help on 7 segment.lst) TABS(2) OBJECT(.\Objects\help on 7 segment.obj)

line level    source

   1          #include<reg51.h>
   2          void main(){
   3   1        unsigned char seg[4]={0x76,0x79,0x38,0x73};
   4   1        unsigned char x;
   5   1        unsigned int i;
   6   1          P1=0x00;
   7   1        while(1){
   8   2          for (x=0;x<4; x++){
   9   3              P1=~seg[x];
  10   3              for(i=0;i<60000;i++);
  11   3          }
  12   2        }
  13   1      }


MODULE INFORMATION:   STATIC OVERLAYABLE
   CODE SIZE        =     74    ----
   CONSTANT SIZE    =      4    ----
   XDATA SIZE       =   ----    ----
   PDATA SIZE       =   ----    ----
   DATA SIZE        =   ----       5
   IDATA SIZE       =   ----    ----
   BIT SIZE         =   ----    ----
END OF MODULE INFORMATION.


C51 COMPILATION COMPLETE.  0 WARNING(S),  0 ERROR(S)
