C51 COMPILER V9.60.0.0   LCD                                                               04/29/2020 16:53:46 PAGE 1   


C51 COMPILER V9.60.0.0, COMPILATION OF MODULE LCD
OBJECT MODULE PLACED IN .\Objects\lcd.obj
COMPILER INVOKED BY: C:\Keil_v5\C51\BIN\C51.EXE lcd.c OPTIMIZE(8,SPEED) BROWSE DEBUG OBJECTEXTEND PRINT(.\Listings\lcd.l
                    -st) TABS(2) OBJECT(.\Objects\lcd.obj)

line level    source

   1          #include<reg51.h>
   2          #include<stdio.h>
   3          sbit rs=P1^0;
   4          sbit rw=P1^1;
   5          sbit en=P1^2;
   6          void lcdcmd(unsigned char);
   7          void lcddat(unsigned char);
   8          void delay();
   9          void printstring(char a[],int len);
  10          void main()
  11          {
  12   1        P2=0x00;
  13   1        while(1)
  14   1        {
  15   2        lcdcmd(0x38);
  16   2        delay();
  17   2        lcdcmd(0x01);
  18   2        delay();
  19   2        lcdcmd(0x10);
  20   2        delay();
  21   2        lcdcmd(0x0c);
  22   2        delay();
  23   2        lcdcmd(0x81);
  24   2        delay();  
  25   2        printstring("HELLO EVERYONE",14);
  26   2        }
  27   1      }
  28          void printstring(char a[],int len){
  29   1        int i;  
  30   1        for(i=0;i<len;i++)
  31   1          {
  32   2            lcddat(a[i]);
  33   2            delay();
  34   2          }
  35   1      }
  36          void lcdcmd(unsigned char val)
  37          {
  38   1      P2=val;
  39   1      rs=0;
  40   1      rw=0;
  41   1      en=1;
  42   1      delay();
  43   1      en=0;
  44   1      }
  45          
  46          void lcddat(unsigned char val)
  47          {
  48   1      P2=val;
  49   1      rs=1;
  50   1      rw=0;
  51   1      en=1;
  52   1      delay();
  53   1      en=0;
  54   1      }
C51 COMPILER V9.60.0.0   LCD                                                               04/29/2020 16:53:46 PAGE 2   

  55          
  56          void delay()
  57          {
  58   1      unsigned int i;
  59   1      for (i=0;i<12000;i++);
  60   1      }


MODULE INFORMATION:   STATIC OVERLAYABLE
   CODE SIZE        =    166    ----
   CONSTANT SIZE    =     15    ----
   XDATA SIZE       =   ----    ----
   PDATA SIZE       =   ----    ----
   DATA SIZE        =   ----       7
   IDATA SIZE       =   ----    ----
   BIT SIZE         =   ----    ----
END OF MODULE INFORMATION.


C51 COMPILATION COMPLETE.  0 WARNING(S),  0 ERROR(S)
