C51 COMPILER V9.60.0.0   STEPPER                                                           04/29/2020 11:35:37 PAGE 1   


C51 COMPILER V9.60.0.0, COMPILATION OF MODULE STEPPER
OBJECT MODULE PLACED IN .\Objects\stepper.obj
COMPILER INVOKED BY: C:\Keil_v5\C51\BIN\C51.EXE stepper.c OPTIMIZE(8,SPEED) BROWSE DEBUG OBJECTEXTEND PRINT(.\Listings\s
                    -tepper.lst) TABS(2) OBJECT(.\Objects\stepper.obj)

line level    source

   1          
   2          #include <reg51.h>                //Define 8051 registers
   3          #include<stdio.h>
   4                
   5          void DelayMs(unsigned int);           //Delay function
   6          
   7          //----------------------------------
   8          //  Main Program
   9          //----------------------------------
  10          
  11          void Clockwise (void)
  12          {
  13   1        unsigned int i;
  14   1        for (i=0;i<1000;i++)
  15   1        {
  16   2          P1 = 0x01;DelayMs(5);           //Delay 20msec
  17   2          P1 = 0x02;DelayMs(5);
  18   2          P1 = 0x04;DelayMs(5);
  19   2          P1 = 0x08;DelayMs(5);
  20   2        } 
  21   1      }
  22          
  23          void AntiClockwise (void)
  24          {
  25   1        unsigned int i;
  26   1        for (i=0;i<1000;i++)
  27   1        {
  28   2          P1 = 0x08;DelayMs(5);           //Delay 20msec
  29   2          P1 = 0x04;DelayMs(5);
  30   2          P1 = 0x02;DelayMs(5);
  31   2          P1 = 0x01;DelayMs(5); 
  32   2        }
  33   1      }
  34          
  35          void main (void)
  36          {
  37   1        P1 = 0;                   //Initialize Port0
  38   1      
  39   1        while(1)                  //Loop Forever
  40   1        {
  41   2          Clockwise ();
  42   2          DelayMs (100);
  43   2          P1  = 0;
  44   2          AntiClockwise ();
  45   2          DelayMs (100);
  46   2          P1 =  0;
  47   2        }
  48   1      }
  49          
  50          
  51          
  52          //---------------------------------              
  53          //    Delay Function
  54          //---------------------------------
C51 COMPILER V9.60.0.0   STEPPER                                                           04/29/2020 11:35:37 PAGE 2   

  55          void DelayMs(unsigned int n)
  56          {
  57   1      unsigned int i,j;
  58   1        for(j=0;j<n;j++)
  59   1        {
  60   2        for(i=0;i<900;i++);
  61   2        }
  62   1      }
  63          
  64          
  65          
  66          
  67            
  68            
  69           


MODULE INFORMATION:   STATIC OVERLAYABLE
   CODE SIZE        =    158    ----
   CONSTANT SIZE    =   ----    ----
   XDATA SIZE       =   ----    ----
   PDATA SIZE       =   ----    ----
   DATA SIZE        =   ----       4
   IDATA SIZE       =   ----    ----
   BIT SIZE         =   ----    ----
END OF MODULE INFORMATION.


C51 COMPILATION COMPLETE.  0 WARNING(S),  0 ERROR(S)
